<?xml version="1.0" encoding="UTF-8"?>
<testng-results ignored="0" total="1" passed="1" failed="0" skipped="0">
  <reporter-output>
  </reporter-output>
  <suite started-at="2021-05-31T22:05:35 IST" name="Default suite" finished-at="2021-05-31T22:05:53 IST" duration-ms="17463">
    <groups>
      <group name="cucumber">
        <method signature="AbstractTestNGCucumberTests.runScenario(io.cucumber.testng.PickleWrapper,io.cucumber.testng.FeatureWrapper)[pri:0, instance:cucumberOptions.TestNGTestRunner@47987356]" name="runScenario" class="io.cucumber.testng.AbstractTestNGCucumberTests"/>
      </group> <!-- cucumber -->
    </groups>
    <test started-at="2021-05-31T22:05:35 IST" name="Default test" finished-at="2021-05-31T22:05:53 IST" duration-ms="17463">
      <class name="cucumberOptions.TestNGTestRunner">
        <test-method is-config="true" signature="setUpClass()[pri:0, instance:cucumberOptions.TestNGTestRunner@47987356]" started-at="2021-05-31T22:05:35 IST" name="setUpClass" finished-at="2021-05-31T22:05:36 IST" duration-ms="892" status="PASS">
          <reporter-output>
          </reporter-output>
        </test-method> <!-- setUpClass -->
        <test-method signature="runScenario(io.cucumber.testng.PickleWrapper,io.cucumber.testng.FeatureWrapper)[pri:0, instance:cucumberOptions.TestNGTestRunner@47987356]" started-at="2021-05-31T22:05:36 IST" name="runScenario" description="Runs Cucumber Scenarios" data-provider="scenarios" finished-at="2021-05-31T22:05:52 IST" duration-ms="16154" status="PASS">
          <params>
            <param index="0">
              <value>
                <![CDATA["Search for other items and validate results"]]>
              </value>
            </param>
            <param index="1">
              <value>
                <![CDATA["Optional[Search and place order for vegetables]"]]>
              </value>
            </param>
          </params>
          <reporter-output>
          </reporter-output>
        </test-method> <!-- runScenario -->
        <test-method is-config="true" signature="tearDownClass()[pri:0, instance:cucumberOptions.TestNGTestRunner@47987356]" started-at="2021-05-31T22:05:52 IST" name="tearDownClass" finished-at="2021-05-31T22:05:53 IST" duration-ms="330" status="PASS">
          <reporter-output>
          </reporter-output>
        </test-method> <!-- tearDownClass -->
      </class> <!-- cucumberOptions.TestNGTestRunner -->
    </test> <!-- Default test -->
  </suite> <!-- Default suite -->
</testng-results>
